<?xml version="1.0" encoding="UTF-8"?>
<!-- Generated by org.testng.reporters.JUnitXMLReporter -->
<testsuite hostname="acer" ignored="0" name="Test" tests="5" failures="0" timestamp="09 May 2020 05:29:17 GMT" time="27.151" errors="0">
  <testcase name="SoapUItestrun" time="24.442" classname="RESTservice.RESTservicesTest"/>
  <testcase name="SoapUItestrun" time="0.196" classname="RESTservice.SingleRestTest"/>
  <testcase name="SoapUItestrun" time="0.44" classname="RESTservice.SoapUIRESTserviceTest"/>
  <testcase name="SoapUItestrun" time="1.641" classname="SOAPservice.SingleSoapUITest"/>
  <testcase name="SoapUItestrun" time="0.336" classname="SOAPservice.SoapUITestngTest"/>
</testsuite> <!-- Test -->
